<?xml version="1.0" encoding="UTF-8"?>
<!-- Generated by org.testng.reporters.JUnitReportReporter -->
<testsuite skipped="0" hostname="LAPTOP-4P252GTC" name="GetPostsTest" tests="1" failures="0" timestamp="03 Jan 2021 13:38:39 GMT" time="2.611" errors="0">
  <testcase name="checkGet1" time="2.611" classname="GetPostsTest"/>
</testsuite> <!-- GetPostsTest -->
