<?xml version="1.0" encoding="UTF-8"?>
<!-- Generated by org.testng.reporters.JUnitReportReporter -->
<testsuite skipped="0" hostname="LAPTOP-4P252GTC" name="Test_Post" tests="1" failures="0" timestamp="03 Jan 2021 14:21:12 GMT" time="3.368" errors="0">
  <testcase name="Tests_post" time="3.368" classname="Test_Post"/>
</testsuite> <!-- Test_Post -->
