<?xml version="1.0" encoding="UTF-8"?>
<!-- Generated by org.testng.reporters.JUnitReportReporter -->
<testsuite skipped="0" hostname="LAPTOP-4P252GTC" name="GetPost" tests="1" failures="0" timestamp="03 Jan 2021 14:20:30 GMT" time="2.751" errors="0">
  <testcase name="test" time="2.751" classname="GetPost"/>
</testsuite> <!-- GetPost -->
